c:\users\yonah\documents\visual studio 2015\projects\networkingdemo\networkingdemo\debug\vc140.pdb
c:\users\yonah\documents\visual studio 2015\projects\networkingdemo\networkingdemo\debug\vc140.idb
c:\users\yonah\documents\visual studio 2015\projects\networkingdemo\networkingdemo\debug\network_component.obj
c:\users\yonah\documents\visual studio 2015\projects\networkingdemo\networkingdemo\debug\source.obj
c:\users\yonah\documents\visual studio 2015\projects\networkingdemo\networkingdemo\debug\network_exception.obj
c:\users\yonah\documents\visual studio 2015\projects\networkingdemo\networkingdemo\debug\tcp_stream.obj
c:\users\yonah\documents\visual studio 2015\projects\networkingdemo\networkingdemo\debug\tcp_server.obj
c:\users\yonah\documents\visual studio 2015\projects\networkingdemo\networkingdemo\debug\tcp_client.obj
c:\users\yonah\documents\visual studio 2015\projects\networkingdemo\debug\networkingdemo.pdb
c:\users\yonah\documents\visual studio 2015\projects\networkingdemo\networkingdemo\debug\networkingdemo.tlog\cl.command.1.tlog
c:\users\yonah\documents\visual studio 2015\projects\networkingdemo\networkingdemo\debug\networkingdemo.tlog\cl.read.1.tlog
c:\users\yonah\documents\visual studio 2015\projects\networkingdemo\networkingdemo\debug\networkingdemo.tlog\cl.write.1.tlog
c:\users\yonah\documents\visual studio 2015\projects\networkingdemo\networkingdemo\debug\networkingdemo.tlog\link.8828-cvtres.read.1.tlog
c:\users\yonah\documents\visual studio 2015\projects\networkingdemo\networkingdemo\debug\networkingdemo.tlog\link.8828-cvtres.write.1.tlog
c:\users\yonah\documents\visual studio 2015\projects\networkingdemo\networkingdemo\debug\networkingdemo.tlog\link.8828-rc.read.1.tlog
c:\users\yonah\documents\visual studio 2015\projects\networkingdemo\networkingdemo\debug\networkingdemo.tlog\link.8828-rc.write.1.tlog
c:\users\yonah\documents\visual studio 2015\projects\networkingdemo\networkingdemo\debug\networkingdemo.tlog\link.8828.read.1.tlog
c:\users\yonah\documents\visual studio 2015\projects\networkingdemo\networkingdemo\debug\networkingdemo.tlog\link.8828.write.1.tlog
c:\users\yonah\documents\visual studio 2015\projects\networkingdemo\networkingdemo\debug\networkingdemo.tlog\link.command.1.tlog
c:\users\yonah\documents\visual studio 2015\projects\networkingdemo\networkingdemo\debug\networkingdemo.tlog\link.read.1.tlog
c:\users\yonah\documents\visual studio 2015\projects\networkingdemo\networkingdemo\debug\networkingdemo.tlog\link.write.1.tlog
